2022-10-15 06:46:09 startup archives unpack
2022-10-15 06:46:09 install libjansson4:amd64 <none> 2.13.1-1.1
2022-10-15 06:46:09 status triggers-pending libc-bin:amd64 2.31-13+deb11u4
2022-10-15 06:46:09 status half-installed libjansson4:amd64 2.13.1-1.1
2022-10-15 06:46:09 status unpacked libjansson4:amd64 2.13.1-1.1
2022-10-15 06:46:09 install libmnl0:amd64 <none> 1.0.4-3
2022-10-15 06:46:09 status half-installed libmnl0:amd64 1.0.4-3
2022-10-15 06:46:09 status unpacked libmnl0:amd64 1.0.4-3
2022-10-15 06:46:09 install libnftnl11:amd64 <none> 1.1.9-1
2022-10-15 06:46:09 status half-installed libnftnl11:amd64 1.1.9-1
2022-10-15 06:46:09 status unpacked libnftnl11:amd64 1.1.9-1
2022-10-15 06:46:09 install libxtables12:amd64 <none> 1.8.7-1
2022-10-15 06:46:09 status half-installed libxtables12:amd64 1.8.7-1
2022-10-15 06:46:09 status unpacked libxtables12:amd64 1.8.7-1
2022-10-15 06:46:09 install libnftables1:amd64 <none> 0.9.8-3.1
2022-10-15 06:46:09 status half-installed libnftables1:amd64 0.9.8-3.1
2022-10-15 06:46:09 status unpacked libnftables1:amd64 0.9.8-3.1
2022-10-15 06:46:09 install nftables:amd64 <none> 0.9.8-3.1
2022-10-15 06:46:09 status half-installed nftables:amd64 0.9.8-3.1
2022-10-15 06:46:09 status unpacked nftables:amd64 0.9.8-3.1
2022-10-15 06:46:09 install libapparmor1:amd64 <none> 2.13.6-10
2022-10-15 06:46:09 status half-installed libapparmor1:amd64 2.13.6-10
2022-10-15 06:46:09 status unpacked libapparmor1:amd64 2.13.6-10
2022-10-15 06:46:09 install libcap2:amd64 <none> 1:2.44-1
2022-10-15 06:46:09 status half-installed libcap2:amd64 1:2.44-1
2022-10-15 06:46:09 status unpacked libcap2:amd64 1:2.44-1
2022-10-15 06:46:09 install libargon2-1:amd64 <none> 0~20171227-0.2
2022-10-15 06:46:09 status half-installed libargon2-1:amd64 0~20171227-0.2
2022-10-15 06:46:09 status unpacked libargon2-1:amd64 0~20171227-0.2
2022-10-15 06:46:10 install dmsetup:amd64 <none> 2:1.02.175-2.1
2022-10-15 06:46:10 status half-installed dmsetup:amd64 2:1.02.175-2.1
2022-10-15 06:46:10 status unpacked dmsetup:amd64 2:1.02.175-2.1
2022-10-15 06:46:10 install libdevmapper1.02.1:amd64 <none> 2:1.02.175-2.1
2022-10-15 06:46:10 status half-installed libdevmapper1.02.1:amd64 2:1.02.175-2.1
2022-10-15 06:46:10 status unpacked libdevmapper1.02.1:amd64 2:1.02.175-2.1
2022-10-15 06:46:10 install libjson-c5:amd64 <none> 0.15-2
2022-10-15 06:46:10 status half-installed libjson-c5:amd64 0.15-2
2022-10-15 06:46:10 status unpacked libjson-c5:amd64 0.15-2
2022-10-15 06:46:10 install libcryptsetup12:amd64 <none> 2:2.3.7-1+deb11u1
2022-10-15 06:46:10 status half-installed libcryptsetup12:amd64 2:2.3.7-1+deb11u1
2022-10-15 06:46:10 status unpacked libcryptsetup12:amd64 2:2.3.7-1+deb11u1
2022-10-15 06:46:10 install libip4tc2:amd64 <none> 1.8.7-1
2022-10-15 06:46:10 status half-installed libip4tc2:amd64 1.8.7-1
2022-10-15 06:46:10 status unpacked libip4tc2:amd64 1.8.7-1
2022-10-15 06:46:10 install libkmod2:amd64 <none> 28-1
2022-10-15 06:46:10 status half-installed libkmod2:amd64 28-1
2022-10-15 06:46:10 status unpacked libkmod2:amd64 28-1
2022-10-15 06:46:10 install systemd:amd64 <none> 247.3-7+deb11u1
2022-10-15 06:46:10 status half-installed systemd:amd64 247.3-7+deb11u1
2022-10-15 06:46:11 status unpacked systemd:amd64 247.3-7+deb11u1
2022-10-15 06:46:11 startup packages configure
2022-10-15 06:46:11 configure libapparmor1:amd64 2.13.6-10 <none>
2022-10-15 06:46:11 status unpacked libapparmor1:amd64 2.13.6-10
2022-10-15 06:46:11 status half-configured libapparmor1:amd64 2.13.6-10
2022-10-15 06:46:11 status installed libapparmor1:amd64 2.13.6-10
2022-10-15 06:46:11 configure libcap2:amd64 1:2.44-1 <none>
2022-10-15 06:46:11 status unpacked libcap2:amd64 1:2.44-1
2022-10-15 06:46:11 status half-configured libcap2:amd64 1:2.44-1
2022-10-15 06:46:11 status installed libcap2:amd64 1:2.44-1
2022-10-15 06:46:11 configure libargon2-1:amd64 0~20171227-0.2 <none>
2022-10-15 06:46:11 status unpacked libargon2-1:amd64 0~20171227-0.2
2022-10-15 06:46:11 status half-configured libargon2-1:amd64 0~20171227-0.2
2022-10-15 06:46:11 status installed libargon2-1:amd64 0~20171227-0.2
2022-10-15 06:46:11 configure libjson-c5:amd64 0.15-2 <none>
2022-10-15 06:46:11 status unpacked libjson-c5:amd64 0.15-2
2022-10-15 06:46:11 status half-configured libjson-c5:amd64 0.15-2
2022-10-15 06:46:11 status installed libjson-c5:amd64 0.15-2
2022-10-15 06:46:11 configure libip4tc2:amd64 1.8.7-1 <none>
2022-10-15 06:46:11 status unpacked libip4tc2:amd64 1.8.7-1
2022-10-15 06:46:11 status half-configured libip4tc2:amd64 1.8.7-1
2022-10-15 06:46:11 status installed libip4tc2:amd64 1.8.7-1
2022-10-15 06:46:11 configure libkmod2:amd64 28-1 <none>
2022-10-15 06:46:11 status unpacked libkmod2:amd64 28-1
2022-10-15 06:46:11 status half-configured libkmod2:amd64 28-1
2022-10-15 06:46:11 status installed libkmod2:amd64 28-1
2022-10-15 06:46:11 configure libdevmapper1.02.1:amd64 2:1.02.175-2.1 <none>
2022-10-15 06:46:11 status unpacked libdevmapper1.02.1:amd64 2:1.02.175-2.1
2022-10-15 06:46:11 status half-configured libdevmapper1.02.1:amd64 2:1.02.175-2.1
2022-10-15 06:46:11 status installed libdevmapper1.02.1:amd64 2:1.02.175-2.1
2022-10-15 06:46:11 configure libcryptsetup12:amd64 2:2.3.7-1+deb11u1 <none>
2022-10-15 06:46:11 status unpacked libcryptsetup12:amd64 2:2.3.7-1+deb11u1
2022-10-15 06:46:11 status half-configured libcryptsetup12:amd64 2:2.3.7-1+deb11u1
2022-10-15 06:46:11 status installed libcryptsetup12:amd64 2:2.3.7-1+deb11u1
2022-10-15 06:46:11 configure systemd:amd64 247.3-7+deb11u1 <none>
2022-10-15 06:46:11 status unpacked systemd:amd64 247.3-7+deb11u1
2022-10-15 06:46:11 status half-configured systemd:amd64 247.3-7+deb11u1
2022-10-15 06:46:12 status installed systemd:amd64 247.3-7+deb11u1
2022-10-15 06:46:12 configure dmsetup:amd64 2:1.02.175-2.1 <none>
2022-10-15 06:46:12 status unpacked dmsetup:amd64 2:1.02.175-2.1
2022-10-15 06:46:12 status half-configured dmsetup:amd64 2:1.02.175-2.1
2022-10-15 06:46:12 status installed dmsetup:amd64 2:1.02.175-2.1
2022-10-15 06:46:12 startup archives unpack
2022-10-15 06:46:12 install systemd-sysv:amd64 <none> 247.3-7+deb11u1
2022-10-15 06:46:12 status half-installed systemd-sysv:amd64 247.3-7+deb11u1
2022-10-15 06:46:12 status unpacked systemd-sysv:amd64 247.3-7+deb11u1
2022-10-15 06:46:12 install libdbus-1-3:amd64 <none> 1.12.24-0+deb11u1
2022-10-15 06:46:12 status half-installed libdbus-1-3:amd64 1.12.24-0+deb11u1
2022-10-15 06:46:12 status unpacked libdbus-1-3:amd64 1.12.24-0+deb11u1
2022-10-15 06:46:12 install dbus:amd64 <none> 1.12.24-0+deb11u1
2022-10-15 06:46:12 status half-installed dbus:amd64 1.12.24-0+deb11u1
2022-10-15 06:46:12 status unpacked dbus:amd64 1.12.24-0+deb11u1
2022-10-15 06:46:12 install udev:amd64 <none> 247.3-7+deb11u1
2022-10-15 06:46:12 status half-installed udev:amd64 247.3-7+deb11u1
2022-10-15 06:46:12 status unpacked udev:amd64 247.3-7+deb11u1
2022-10-15 06:46:12 install libnss-systemd:amd64 <none> 247.3-7+deb11u1
2022-10-15 06:46:12 status half-installed libnss-systemd:amd64 247.3-7+deb11u1
2022-10-15 06:46:12 status unpacked libnss-systemd:amd64 247.3-7+deb11u1
2022-10-15 06:46:12 install libpam-systemd:amd64 <none> 247.3-7+deb11u1
2022-10-15 06:46:12 status half-installed libpam-systemd:amd64 247.3-7+deb11u1
2022-10-15 06:46:12 status unpacked libpam-systemd:amd64 247.3-7+deb11u1
2022-10-15 06:46:13 install systemd-timesyncd:amd64 <none> 247.3-7+deb11u1
2022-10-15 06:46:13 status half-installed systemd-timesyncd:amd64 247.3-7+deb11u1
2022-10-15 06:46:13 status unpacked systemd-timesyncd:amd64 247.3-7+deb11u1
2022-10-15 06:46:13 install dns-root-data:all <none> 2021011101
2022-10-15 06:46:13 status half-installed dns-root-data:all 2021011101
2022-10-15 06:46:13 status unpacked dns-root-data:all 2021011101
2022-10-15 06:46:13 install libnfnetlink0:amd64 <none> 1.0.1-3+b1
2022-10-15 06:46:13 status half-installed libnfnetlink0:amd64 1.0.1-3+b1
2022-10-15 06:46:13 status unpacked libnfnetlink0:amd64 1.0.1-3+b1
2022-10-15 06:46:13 install libnetfilter-conntrack3:amd64 <none> 1.0.8-3
2022-10-15 06:46:13 status half-installed libnetfilter-conntrack3:amd64 1.0.8-3
2022-10-15 06:46:13 status unpacked libnetfilter-conntrack3:amd64 1.0.8-3
2022-10-15 06:46:13 install dnsmasq-base:amd64 <none> 2.85-1
2022-10-15 06:46:13 status half-installed dnsmasq-base:amd64 2.85-1
2022-10-15 06:46:13 status unpacked dnsmasq-base:amd64 2.85-1
2022-10-15 06:46:13 install libip6tc2:amd64 <none> 1.8.7-1
2022-10-15 06:46:13 status half-installed libip6tc2:amd64 1.8.7-1
2022-10-15 06:46:13 status unpacked libip6tc2:amd64 1.8.7-1
2022-10-15 06:46:13 install iptables:amd64 <none> 1.8.7-1
2022-10-15 06:46:13 status half-installed iptables:amd64 1.8.7-1
2022-10-15 06:46:13 status unpacked iptables:amd64 1.8.7-1
2022-10-15 06:46:13 install libgudev-1.0-0:amd64 <none> 234-1
2022-10-15 06:46:13 status half-installed libgudev-1.0-0:amd64 234-1
2022-10-15 06:46:13 status unpacked libgudev-1.0-0:amd64 234-1
2022-10-15 06:46:13 install libjim0.79:amd64 <none> 0.79+dfsg0-2
2022-10-15 06:46:13 status half-installed libjim0.79:amd64 0.79+dfsg0-2
2022-10-15 06:46:13 status unpacked libjim0.79:amd64 0.79+dfsg0-2
2022-10-15 06:46:13 install libmbim-glib4:amd64 <none> 1.24.6-0.1
2022-10-15 06:46:13 status half-installed libmbim-glib4:amd64 1.24.6-0.1
2022-10-15 06:46:14 status unpacked libmbim-glib4:amd64 1.24.6-0.1
2022-10-15 06:46:14 install libmbim-proxy:amd64 <none> 1.24.6-0.1
2022-10-15 06:46:14 status half-installed libmbim-proxy:amd64 1.24.6-0.1
2022-10-15 06:46:14 status unpacked libmbim-proxy:amd64 1.24.6-0.1
2022-10-15 06:46:14 install libmm-glib0:amd64 <none> 1.14.12-0.2
2022-10-15 06:46:14 status half-installed libmm-glib0:amd64 1.14.12-0.2
2022-10-15 06:46:14 status unpacked libmm-glib0:amd64 1.14.12-0.2
2022-10-15 06:46:14 install libndp0:amd64 <none> 1.6-1+b1
2022-10-15 06:46:14 status half-installed libndp0:amd64 1.6-1+b1
2022-10-15 06:46:14 status unpacked libndp0:amd64 1.6-1+b1
2022-10-15 06:46:14 install libslang2:amd64 <none> 2.3.2-5
2022-10-15 06:46:14 status half-installed libslang2:amd64 2.3.2-5
2022-10-15 06:46:14 status unpacked libslang2:amd64 2.3.2-5
2022-10-15 06:46:14 install libnewt0.52:amd64 <none> 0.52.21-4+b3
2022-10-15 06:46:14 status half-installed libnewt0.52:amd64 0.52.21-4+b3
2022-10-15 06:46:14 status unpacked libnewt0.52:amd64 0.52.21-4+b3
2022-10-15 06:46:14 install libnl-3-200:amd64 <none> 3.4.0-1+b1
2022-10-15 06:46:14 status half-installed libnl-3-200:amd64 3.4.0-1+b1
2022-10-15 06:46:14 status unpacked libnl-3-200:amd64 3.4.0-1+b1
2022-10-15 06:46:14 install libnl-genl-3-200:amd64 <none> 3.4.0-1+b1
2022-10-15 06:46:14 status half-installed libnl-genl-3-200:amd64 3.4.0-1+b1
2022-10-15 06:46:14 status unpacked libnl-genl-3-200:amd64 3.4.0-1+b1
2022-10-15 06:46:14 install libnl-route-3-200:amd64 <none> 3.4.0-1+b1
2022-10-15 06:46:14 status half-installed libnl-route-3-200:amd64 3.4.0-1+b1
2022-10-15 06:46:14 status unpacked libnl-route-3-200:amd64 3.4.0-1+b1
2022-10-15 06:46:15 install libnm0:amd64 <none> 1.30.6-1+deb11u1
2022-10-15 06:46:15 status half-installed libnm0:amd64 1.30.6-1+deb11u1
2022-10-15 06:46:15 status unpacked libnm0:amd64 1.30.6-1+deb11u1
2022-10-15 06:46:15 install libpcap0.8:amd64 <none> 1.10.0-2
2022-10-15 06:46:15 status half-installed libpcap0.8:amd64 1.10.0-2
2022-10-15 06:46:15 status unpacked libpcap0.8:amd64 1.10.0-2
2022-10-15 06:46:15 install libpcsclite1:amd64 <none> 1.9.1-1
2022-10-15 06:46:15 status half-installed libpcsclite1:amd64 1.9.1-1
2022-10-15 06:46:15 status unpacked libpcsclite1:amd64 1.9.1-1
2022-10-15 06:46:15 install libpolkit-gobject-1-0:amd64 <none> 0.105-31+deb11u1
2022-10-15 06:46:15 status half-installed libpolkit-gobject-1-0:amd64 0.105-31+deb11u1
2022-10-15 06:46:15 status unpacked libpolkit-gobject-1-0:amd64 0.105-31+deb11u1
2022-10-15 06:46:15 install libpolkit-agent-1-0:amd64 <none> 0.105-31+deb11u1
2022-10-15 06:46:15 status half-installed libpolkit-agent-1-0:amd64 0.105-31+deb11u1
2022-10-15 06:46:15 status unpacked libpolkit-agent-1-0:amd64 0.105-31+deb11u1
2022-10-15 06:46:15 install libqmi-glib5:amd64 <none> 1.26.10-0.1
2022-10-15 06:46:15 status half-installed libqmi-glib5:amd64 1.26.10-0.1
2022-10-15 06:46:15 status unpacked libqmi-glib5:amd64 1.26.10-0.1
2022-10-15 06:46:15 install libqmi-proxy:amd64 <none> 1.26.10-0.1
2022-10-15 06:46:15 status half-installed libqmi-proxy:amd64 1.26.10-0.1
2022-10-15 06:46:15 status unpacked libqmi-proxy:amd64 1.26.10-0.1
2022-10-15 06:46:15 install libteamdctl0:amd64 <none> 1.31-1
2022-10-15 06:46:15 status half-installed libteamdctl0:amd64 1.31-1
2022-10-15 06:46:15 status unpacked libteamdctl0:amd64 1.31-1
2022-10-15 06:46:15 install libusb-1.0-0:amd64 <none> 2:1.0.24-3
2022-10-15 06:46:15 status half-installed libusb-1.0-0:amd64 2:1.0.24-3
2022-10-15 06:46:15 status unpacked libusb-1.0-0:amd64 2:1.0.24-3
2022-10-15 06:46:16 install policykit-1:amd64 <none> 0.105-31+deb11u1
2022-10-15 06:46:16 status half-installed policykit-1:amd64 0.105-31+deb11u1
2022-10-15 06:46:16 status unpacked policykit-1:amd64 0.105-31+deb11u1
2022-10-15 06:46:16 install modemmanager:amd64 <none> 1.14.12-0.2
2022-10-15 06:46:16 status half-installed modemmanager:amd64 1.14.12-0.2
2022-10-15 06:46:16 status triggers-pending hicolor-icon-theme:all 0.17-2
2022-10-15 06:46:16 status unpacked modemmanager:amd64 1.14.12-0.2
2022-10-15 06:46:16 install wpasupplicant:amd64 <none> 2:2.9.0-21
2022-10-15 06:46:16 status half-installed wpasupplicant:amd64 2:2.9.0-21
2022-10-15 06:46:16 status unpacked wpasupplicant:amd64 2:2.9.0-21
2022-10-15 06:46:16 install network-manager:amd64 <none> 1.30.6-1+deb11u1
2022-10-15 06:46:16 status half-installed network-manager:amd64 1.30.6-1+deb11u1
2022-10-15 06:46:16 status unpacked network-manager:amd64 1.30.6-1+deb11u1
2022-10-15 06:46:16 install ppp:amd64 <none> 2.4.9-1+1
2022-10-15 06:46:16 status half-installed ppp:amd64 2.4.9-1+1
2022-10-15 06:46:16 status unpacked ppp:amd64 2.4.9-1+1
2022-10-15 06:46:17 install usb-modeswitch-data:all <none> 20191128-3
2022-10-15 06:46:17 status half-installed usb-modeswitch-data:all 20191128-3
2022-10-15 06:46:17 status unpacked usb-modeswitch-data:all 20191128-3
2022-10-15 06:46:17 install usb-modeswitch:amd64 <none> 2.6.1-1
2022-10-15 06:46:17 status half-installed usb-modeswitch:amd64 2.6.1-1
2022-10-15 06:46:17 status unpacked usb-modeswitch:amd64 2.6.1-1
2022-10-15 06:46:17 install wireless-regdb:all <none> 2022.04.08-2~deb11u1
2022-10-15 06:46:17 status half-installed wireless-regdb:all 2022.04.08-2~deb11u1
2022-10-15 06:46:17 status unpacked wireless-regdb:all 2022.04.08-2~deb11u1
2022-10-15 06:46:17 startup packages configure
2022-10-15 06:46:17 configure systemd-sysv:amd64 247.3-7+deb11u1 <none>
2022-10-15 06:46:17 status unpacked systemd-sysv:amd64 247.3-7+deb11u1
2022-10-15 06:46:17 status half-configured systemd-sysv:amd64 247.3-7+deb11u1
2022-10-15 06:46:17 status installed systemd-sysv:amd64 247.3-7+deb11u1
2022-10-15 06:46:17 configure libjim0.79:amd64 0.79+dfsg0-2 <none>
2022-10-15 06:46:17 status unpacked libjim0.79:amd64 0.79+dfsg0-2
2022-10-15 06:46:17 status half-configured libjim0.79:amd64 0.79+dfsg0-2
2022-10-15 06:46:17 status installed libjim0.79:amd64 0.79+dfsg0-2
2022-10-15 06:46:17 configure libip6tc2:amd64 1.8.7-1 <none>
2022-10-15 06:46:17 status unpacked libip6tc2:amd64 1.8.7-1
2022-10-15 06:46:17 status half-configured libip6tc2:amd64 1.8.7-1
2022-10-15 06:46:17 status installed libip6tc2:amd64 1.8.7-1
2022-10-15 06:46:17 configure wireless-regdb:all 2022.04.08-2~deb11u1 <none>
2022-10-15 06:46:17 status unpacked wireless-regdb:all 2022.04.08-2~deb11u1
2022-10-15 06:46:17 status half-configured wireless-regdb:all 2022.04.08-2~deb11u1
2022-10-15 06:46:17 status installed wireless-regdb:all 2022.04.08-2~deb11u1
2022-10-15 06:46:17 configure libnss-systemd:amd64 247.3-7+deb11u1 <none>
2022-10-15 06:46:17 status unpacked libnss-systemd:amd64 247.3-7+deb11u1
2022-10-15 06:46:17 status half-configured libnss-systemd:amd64 247.3-7+deb11u1
2022-10-15 06:46:17 status installed libnss-systemd:amd64 247.3-7+deb11u1
2022-10-15 06:46:17 configure libjansson4:amd64 2.13.1-1.1 <none>
2022-10-15 06:46:17 status unpacked libjansson4:amd64 2.13.1-1.1
2022-10-15 06:46:17 status half-configured libjansson4:amd64 2.13.1-1.1
2022-10-15 06:46:17 status installed libjansson4:amd64 2.13.1-1.1
2022-10-15 06:46:17 configure dns-root-data:all 2021011101 <none>
2022-10-15 06:46:17 status unpacked dns-root-data:all 2021011101
2022-10-15 06:46:17 status half-configured dns-root-data:all 2021011101
2022-10-15 06:46:17 status installed dns-root-data:all 2021011101
2022-10-15 06:46:17 configure libslang2:amd64 2.3.2-5 <none>
2022-10-15 06:46:17 status unpacked libslang2:amd64 2.3.2-5
2022-10-15 06:46:17 status half-configured libslang2:amd64 2.3.2-5
2022-10-15 06:46:17 status installed libslang2:amd64 2.3.2-5
2022-10-15 06:46:17 configure libdbus-1-3:amd64 1.12.24-0+deb11u1 <none>
2022-10-15 06:46:17 status unpacked libdbus-1-3:amd64 1.12.24-0+deb11u1
2022-10-15 06:46:17 status half-configured libdbus-1-3:amd64 1.12.24-0+deb11u1
2022-10-15 06:46:17 status installed libdbus-1-3:amd64 1.12.24-0+deb11u1
2022-10-15 06:46:17 configure dbus:amd64 1.12.24-0+deb11u1 <none>
2022-10-15 06:46:17 status unpacked dbus:amd64 1.12.24-0+deb11u1
2022-10-15 06:46:17 status half-configured dbus:amd64 1.12.24-0+deb11u1
2022-10-15 06:46:17 status installed dbus:amd64 1.12.24-0+deb11u1
2022-10-15 06:46:17 configure usb-modeswitch-data:all 20191128-3 <none>
2022-10-15 06:46:17 status unpacked usb-modeswitch-data:all 20191128-3
2022-10-15 06:46:17 status half-configured usb-modeswitch-data:all 20191128-3
2022-10-15 06:46:17 status installed usb-modeswitch-data:all 20191128-3
2022-10-15 06:46:18 configure libmnl0:amd64 1.0.4-3 <none>
2022-10-15 06:46:18 status unpacked libmnl0:amd64 1.0.4-3
2022-10-15 06:46:18 status half-configured libmnl0:amd64 1.0.4-3
2022-10-15 06:46:18 status installed libmnl0:amd64 1.0.4-3
2022-10-15 06:46:18 configure systemd-timesyncd:amd64 247.3-7+deb11u1 <none>
2022-10-15 06:46:18 status unpacked systemd-timesyncd:amd64 247.3-7+deb11u1
2022-10-15 06:46:18 status half-configured systemd-timesyncd:amd64 247.3-7+deb11u1
2022-10-15 06:46:18 status installed systemd-timesyncd:amd64 247.3-7+deb11u1
2022-10-15 06:46:18 configure udev:amd64 247.3-7+deb11u1 <none>
2022-10-15 06:46:18 status unpacked udev:amd64 247.3-7+deb11u1
2022-10-15 06:46:18 status half-configured udev:amd64 247.3-7+deb11u1
2022-10-15 06:46:18 status installed udev:amd64 247.3-7+deb11u1
2022-10-15 06:46:18 configure libpcsclite1:amd64 1.9.1-1 <none>
2022-10-15 06:46:18 status unpacked libpcsclite1:amd64 1.9.1-1
2022-10-15 06:46:18 status half-configured libpcsclite1:amd64 1.9.1-1
2022-10-15 06:46:18 status installed libpcsclite1:amd64 1.9.1-1
2022-10-15 06:46:18 configure libxtables12:amd64 1.8.7-1 <none>
2022-10-15 06:46:18 status unpacked libxtables12:amd64 1.8.7-1
2022-10-15 06:46:18 status half-configured libxtables12:amd64 1.8.7-1
2022-10-15 06:46:18 status installed libxtables12:amd64 1.8.7-1
2022-10-15 06:46:18 configure libnm0:amd64 1.30.6-1+deb11u1 <none>
2022-10-15 06:46:18 status unpacked libnm0:amd64 1.30.6-1+deb11u1
2022-10-15 06:46:18 status half-configured libnm0:amd64 1.30.6-1+deb11u1
2022-10-15 06:46:18 status installed libnm0:amd64 1.30.6-1+deb11u1
2022-10-15 06:46:19 configure libmm-glib0:amd64 1.14.12-0.2 <none>
2022-10-15 06:46:19 status unpacked libmm-glib0:amd64 1.14.12-0.2
2022-10-15 06:46:19 status half-configured libmm-glib0:amd64 1.14.12-0.2
2022-10-15 06:46:19 status installed libmm-glib0:amd64 1.14.12-0.2
2022-10-15 06:46:19 configure libnfnetlink0:amd64 1.0.1-3+b1 <none>
2022-10-15 06:46:19 status unpacked libnfnetlink0:amd64 1.0.1-3+b1
2022-10-15 06:46:19 status half-configured libnfnetlink0:amd64 1.0.1-3+b1
2022-10-15 06:46:19 status installed libnfnetlink0:amd64 1.0.1-3+b1
2022-10-15 06:46:19 configure libnl-3-200:amd64 3.4.0-1+b1 <none>
2022-10-15 06:46:19 status unpacked libnl-3-200:amd64 3.4.0-1+b1
2022-10-15 06:46:19 status half-configured libnl-3-200:amd64 3.4.0-1+b1
2022-10-15 06:46:19 status installed libnl-3-200:amd64 3.4.0-1+b1
2022-10-15 06:46:19 configure libpam-systemd:amd64 247.3-7+deb11u1 <none>
2022-10-15 06:46:19 status unpacked libpam-systemd:amd64 247.3-7+deb11u1
2022-10-15 06:46:19 status half-configured libpam-systemd:amd64 247.3-7+deb11u1
2022-10-15 06:46:19 status installed libpam-systemd:amd64 247.3-7+deb11u1
2022-10-15 06:46:19 configure libusb-1.0-0:amd64 2:1.0.24-3 <none>
2022-10-15 06:46:19 status unpacked libusb-1.0-0:amd64 2:1.0.24-3
2022-10-15 06:46:19 status half-configured libusb-1.0-0:amd64 2:1.0.24-3
2022-10-15 06:46:19 status installed libusb-1.0-0:amd64 2:1.0.24-3
2022-10-15 06:46:19 configure libndp0:amd64 1.6-1+b1 <none>
2022-10-15 06:46:19 status unpacked libndp0:amd64 1.6-1+b1
2022-10-15 06:46:19 status half-configured libndp0:amd64 1.6-1+b1
2022-10-15 06:46:19 status installed libndp0:amd64 1.6-1+b1
2022-10-15 06:46:19 configure libgudev-1.0-0:amd64 234-1 <none>
2022-10-15 06:46:19 status unpacked libgudev-1.0-0:amd64 234-1
2022-10-15 06:46:19 status half-configured libgudev-1.0-0:amd64 234-1
2022-10-15 06:46:19 status installed libgudev-1.0-0:amd64 234-1
2022-10-15 06:46:19 configure libpolkit-gobject-1-0:amd64 0.105-31+deb11u1 <none>
2022-10-15 06:46:19 status unpacked libpolkit-gobject-1-0:amd64 0.105-31+deb11u1
2022-10-15 06:46:19 status half-configured libpolkit-gobject-1-0:amd64 0.105-31+deb11u1
2022-10-15 06:46:19 status installed libpolkit-gobject-1-0:amd64 0.105-31+deb11u1
2022-10-15 06:46:19 configure libmbim-glib4:amd64 1.24.6-0.1 <none>
2022-10-15 06:46:19 status unpacked libmbim-glib4:amd64 1.24.6-0.1
2022-10-15 06:46:19 status half-configured libmbim-glib4:amd64 1.24.6-0.1
2022-10-15 06:46:19 status installed libmbim-glib4:amd64 1.24.6-0.1
2022-10-15 06:46:19 configure libnewt0.52:amd64 0.52.21-4+b3 <none>
2022-10-15 06:46:19 status unpacked libnewt0.52:amd64 0.52.21-4+b3
2022-10-15 06:46:19 status half-configured libnewt0.52:amd64 0.52.21-4+b3
2022-10-15 06:46:19 status installed libnewt0.52:amd64 0.52.21-4+b3
2022-10-15 06:46:19 configure libnftnl11:amd64 1.1.9-1 <none>
2022-10-15 06:46:19 status unpacked libnftnl11:amd64 1.1.9-1
2022-10-15 06:46:19 status half-configured libnftnl11:amd64 1.1.9-1
2022-10-15 06:46:19 status installed libnftnl11:amd64 1.1.9-1
2022-10-15 06:46:19 configure libmbim-proxy:amd64 1.24.6-0.1 <none>
2022-10-15 06:46:19 status unpacked libmbim-proxy:amd64 1.24.6-0.1
2022-10-15 06:46:19 status half-configured libmbim-proxy:amd64 1.24.6-0.1
2022-10-15 06:46:19 status installed libmbim-proxy:amd64 1.24.6-0.1
2022-10-15 06:46:19 configure libnl-route-3-200:amd64 3.4.0-1+b1 <none>
2022-10-15 06:46:19 status unpacked libnl-route-3-200:amd64 3.4.0-1+b1
2022-10-15 06:46:19 status half-configured libnl-route-3-200:amd64 3.4.0-1+b1
2022-10-15 06:46:19 status installed libnl-route-3-200:amd64 3.4.0-1+b1
2022-10-15 06:46:19 configure libpcap0.8:amd64 1.10.0-2 <none>
2022-10-15 06:46:19 status unpacked libpcap0.8:amd64 1.10.0-2
2022-10-15 06:46:19 status half-configured libpcap0.8:amd64 1.10.0-2
2022-10-15 06:46:19 status installed libpcap0.8:amd64 1.10.0-2
2022-10-15 06:46:19 configure libteamdctl0:amd64 1.31-1 <none>
2022-10-15 06:46:19 status unpacked libteamdctl0:amd64 1.31-1
2022-10-15 06:46:19 status half-configured libteamdctl0:amd64 1.31-1
2022-10-15 06:46:19 status installed libteamdctl0:amd64 1.31-1
2022-10-15 06:46:19 configure ppp:amd64 2.4.9-1+1 <none>
2022-10-15 06:46:19 status unpacked ppp:amd64 2.4.9-1+1
2022-10-15 06:46:19 status half-configured ppp:amd64 2.4.9-1+1
2022-10-15 06:46:19 status installed ppp:amd64 2.4.9-1+1
2022-10-15 06:46:19 configure libnetfilter-conntrack3:amd64 1.0.8-3 <none>
2022-10-15 06:46:19 status unpacked libnetfilter-conntrack3:amd64 1.0.8-3
2022-10-15 06:46:19 status half-configured libnetfilter-conntrack3:amd64 1.0.8-3
2022-10-15 06:46:19 status installed libnetfilter-conntrack3:amd64 1.0.8-3
2022-10-15 06:46:19 configure libnl-genl-3-200:amd64 3.4.0-1+b1 <none>
2022-10-15 06:46:19 status unpacked libnl-genl-3-200:amd64 3.4.0-1+b1
2022-10-15 06:46:19 status half-configured libnl-genl-3-200:amd64 3.4.0-1+b1
2022-10-15 06:46:19 status installed libnl-genl-3-200:amd64 3.4.0-1+b1
2022-10-15 06:46:19 configure libpolkit-agent-1-0:amd64 0.105-31+deb11u1 <none>
2022-10-15 06:46:19 status unpacked libpolkit-agent-1-0:amd64 0.105-31+deb11u1
2022-10-15 06:46:20 status half-configured libpolkit-agent-1-0:amd64 0.105-31+deb11u1
2022-10-15 06:46:20 status installed libpolkit-agent-1-0:amd64 0.105-31+deb11u1
2022-10-15 06:46:20 configure usb-modeswitch:amd64 2.6.1-1 <none>
2022-10-15 06:46:20 status unpacked usb-modeswitch:amd64 2.6.1-1
2022-10-15 06:46:20 status half-configured usb-modeswitch:amd64 2.6.1-1
2022-10-15 06:46:20 status installed usb-modeswitch:amd64 2.6.1-1
2022-10-15 06:46:20 configure policykit-1:amd64 0.105-31+deb11u1 <none>
2022-10-15 06:46:20 status unpacked policykit-1:amd64 0.105-31+deb11u1
2022-10-15 06:46:20 status half-configured policykit-1:amd64 0.105-31+deb11u1
2022-10-15 06:46:20 status installed policykit-1:amd64 0.105-31+deb11u1
2022-10-15 06:46:20 configure libnftables1:amd64 0.9.8-3.1 <none>
2022-10-15 06:46:20 status unpacked libnftables1:amd64 0.9.8-3.1
2022-10-15 06:46:20 status half-configured libnftables1:amd64 0.9.8-3.1
2022-10-15 06:46:20 status installed libnftables1:amd64 0.9.8-3.1
2022-10-15 06:46:20 configure nftables:amd64 0.9.8-3.1 <none>
2022-10-15 06:46:20 status unpacked nftables:amd64 0.9.8-3.1
2022-10-15 06:46:20 status half-configured nftables:amd64 0.9.8-3.1
2022-10-15 06:46:20 status installed nftables:amd64 0.9.8-3.1
2022-10-15 06:46:20 configure iptables:amd64 1.8.7-1 <none>
2022-10-15 06:46:20 status unpacked iptables:amd64 1.8.7-1
2022-10-15 06:46:20 status half-configured iptables:amd64 1.8.7-1
2022-10-15 06:46:20 status installed iptables:amd64 1.8.7-1
2022-10-15 06:46:20 configure libqmi-glib5:amd64 1.26.10-0.1 <none>
2022-10-15 06:46:20 status unpacked libqmi-glib5:amd64 1.26.10-0.1
2022-10-15 06:46:20 status half-configured libqmi-glib5:amd64 1.26.10-0.1
2022-10-15 06:46:20 status installed libqmi-glib5:amd64 1.26.10-0.1
2022-10-15 06:46:20 configure dnsmasq-base:amd64 2.85-1 <none>
2022-10-15 06:46:20 status unpacked dnsmasq-base:amd64 2.85-1
2022-10-15 06:46:20 status triggers-pending dbus:amd64 1.12.24-0+deb11u1
2022-10-15 06:46:20 status half-configured dnsmasq-base:amd64 2.85-1
2022-10-15 06:46:20 status installed dnsmasq-base:amd64 2.85-1
2022-10-15 06:46:20 configure wpasupplicant:amd64 2:2.9.0-21 <none>
2022-10-15 06:46:20 status unpacked wpasupplicant:amd64 2:2.9.0-21
2022-10-15 06:46:20 status half-configured wpasupplicant:amd64 2:2.9.0-21
2022-10-15 06:46:20 status installed wpasupplicant:amd64 2:2.9.0-21
2022-10-15 06:46:20 configure libqmi-proxy:amd64 1.26.10-0.1 <none>
2022-10-15 06:46:20 status unpacked libqmi-proxy:amd64 1.26.10-0.1
2022-10-15 06:46:20 status half-configured libqmi-proxy:amd64 1.26.10-0.1
2022-10-15 06:46:20 status installed libqmi-proxy:amd64 1.26.10-0.1
2022-10-15 06:46:20 configure network-manager:amd64 1.30.6-1+deb11u1 <none>
2022-10-15 06:46:20 status unpacked network-manager:amd64 1.30.6-1+deb11u1
2022-10-15 06:46:21 status half-configured network-manager:amd64 1.30.6-1+deb11u1
2022-10-15 06:46:21 status installed network-manager:amd64 1.30.6-1+deb11u1
2022-10-15 06:46:21 configure modemmanager:amd64 1.14.12-0.2 <none>
2022-10-15 06:46:21 status unpacked modemmanager:amd64 1.14.12-0.2
2022-10-15 06:46:21 status half-configured modemmanager:amd64 1.14.12-0.2
2022-10-15 06:46:21 status installed modemmanager:amd64 1.14.12-0.2
2022-10-15 06:46:21 trigproc libc-bin:amd64 2.31-13+deb11u4 <none>
2022-10-15 06:46:21 status half-configured libc-bin:amd64 2.31-13+deb11u4
2022-10-15 06:46:21 status installed libc-bin:amd64 2.31-13+deb11u4
2022-10-15 06:46:21 trigproc hicolor-icon-theme:all 0.17-2 <none>
2022-10-15 06:46:21 status half-configured hicolor-icon-theme:all 0.17-2
2022-10-15 06:46:21 status installed hicolor-icon-theme:all 0.17-2
2022-10-15 06:46:21 trigproc dbus:amd64 1.12.24-0+deb11u1 <none>
2022-10-15 06:46:21 status half-configured dbus:amd64 1.12.24-0+deb11u1
2022-10-15 06:46:21 status installed dbus:amd64 1.12.24-0+deb11u1
2022-10-15 06:47:24 startup archives unpack
2022-10-15 06:47:24 install libcap2-bin:amd64 <none> 1:2.44-1
2022-10-15 06:47:24 status half-installed libcap2-bin:amd64 1:2.44-1
2022-10-15 06:47:24 status unpacked libcap2-bin:amd64 1:2.44-1
2022-10-15 06:47:24 install iputils-ping:amd64 <none> 3:20210202-1
2022-10-15 06:47:24 status half-installed iputils-ping:amd64 3:20210202-1
2022-10-15 06:47:24 status unpacked iputils-ping:amd64 3:20210202-1
2022-10-15 06:47:24 install libpam-cap:amd64 <none> 1:2.44-1
2022-10-15 06:47:24 status half-installed libpam-cap:amd64 1:2.44-1
2022-10-15 06:47:24 status unpacked libpam-cap:amd64 1:2.44-1
2022-10-15 06:47:24 startup packages configure
2022-10-15 06:47:24 configure libcap2-bin:amd64 1:2.44-1 <none>
2022-10-15 06:47:24 status unpacked libcap2-bin:amd64 1:2.44-1
2022-10-15 06:47:24 status half-configured libcap2-bin:amd64 1:2.44-1
2022-10-15 06:47:24 status installed libcap2-bin:amd64 1:2.44-1
2022-10-15 06:47:24 configure libpam-cap:amd64 1:2.44-1 <none>
2022-10-15 06:47:24 status unpacked libpam-cap:amd64 1:2.44-1
2022-10-15 06:47:24 status half-configured libpam-cap:amd64 1:2.44-1
2022-10-15 06:47:24 status installed libpam-cap:amd64 1:2.44-1
2022-10-15 06:47:24 configure iputils-ping:amd64 3:20210202-1 <none>
2022-10-15 06:47:24 status unpacked iputils-ping:amd64 3:20210202-1
2022-10-15 06:47:24 status half-configured iputils-ping:amd64 3:20210202-1
2022-10-15 06:47:24 status installed iputils-ping:amd64 3:20210202-1
